SF:C:\Users\dti-\.nuget\packages\microsoft.net.test.sdk\17.14.1\build\net8.0\Microsoft.NET.Test.Sdk.Program.cs
FN:3,System.Void AutoGeneratedProgram::Main(System.String[])
FNDA:0,System.Void AutoGeneratedProgram::Main(System.String[])
DA:4,0
LF:1
LH:0
BRF:0
BRH:0
FNF:1
FNH:0
end_of_record
SF:https://raw.githubusercontent.com/Pedro-Resende-VEVO/TPratico_Grafos/8a7a396913ae322df874ce014605a4b3413a6cb5/Tests/ArestaTest.cs
FN:9,System.Void Tests.ArestaTest::Construtor_DeveInicializarPropriedades()
FNDA:1,System.Void Tests.ArestaTest::Construtor_DeveInicializarPropriedades()
DA:10,1
DA:12,1
DA:13,1
DA:14,1
DA:17,1
DA:20,1
DA:21,1
DA:22,1
DA:23,1
FN:26,System.Void Tests.ArestaTest::ToString_DeveRetornarFormatoCorreto()
FNDA:1,System.Void Tests.ArestaTest::ToString_DeveRetornarFormatoCorreto()
DA:27,1
DA:29,1
DA:32,1
DA:35,1
DA:36,1
FN:39,System.Void Tests.ArestaTest::Propriedades_PodemSerAlteradas()
FNDA:1,System.Void Tests.ArestaTest::Propriedades_PodemSerAlteradas()
DA:40,1
DA:42,1
DA:45,1
DA:46,1
DA:47,1
DA:50,1
DA:51,1
DA:52,1
DA:53,1
LF:23
LH:23
BRF:0
BRH:0
FNF:3
FNH:3
end_of_record
SF:https://raw.githubusercontent.com/Pedro-Resende-VEVO/TPratico_Grafos/8a7a396913ae322df874ce014605a4b3413a6cb5/Tests/BuscaLarguraTest.cs
FN:12,System.Void Tests.BuscaEmLarguraTest::Execucao_GrafoLinearSimples_DeveExecutarCorretamente()
FNDA:1,System.Void Tests.BuscaEmLarguraTest::Execucao_GrafoLinearSimples_DeveExecutarCorretamente()
DA:13,1
DA:15,1
DA:16,1
DA:17,1
DA:18,1
DA:19,1
DA:22,1
DA:25,1
DA:26,1
DA:27,1
DA:28,1
FN:34,System.Void Tests.BuscaEmLarguraTest::Execucao_DeveIdentificarRaizCorretamente()
FNDA:1,System.Void Tests.BuscaEmLarguraTest::Execucao_DeveIdentificarRaizCorretamente()
DA:35,1
DA:37,1
DA:38,1
DA:39,1
DA:40,1
DA:43,1
DA:46,1
DA:47,1
FN:53,System.Void Tests.BuscaEmLarguraTest::Execucao_GrafoArvore_DeveIdentificarArestasDeArvore()
FNDA:1,System.Void Tests.BuscaEmLarguraTest::Execucao_GrafoArvore_DeveIdentificarArestasDeArvore()
DA:54,1
DA:56,1
DA:58,1
DA:59,1
DA:60,1
DA:61,1
DA:62,1
DA:63,1
DA:64,1
DA:67,1
DA:70,1
DA:71,1
DA:72,1
DA:73,1
FN:79,System.Void Tests.BuscaEmLarguraTest::Execucao_GrafoComCiclo_DeveIdentificarArestasDeRetorno()
FNDA:1,System.Void Tests.BuscaEmLarguraTest::Execucao_GrafoComCiclo_DeveIdentificarArestasDeRetorno()
DA:80,1
DA:82,1
DA:83,1
DA:84,1
DA:85,1
DA:86,1
DA:87,1
DA:90,1
DA:93,1
DA:94,1
DA:95,1
FN:101,System.Void Tests.BuscaEmLarguraTest::Execucao_GrafoCompleto_DeveExecutarSemErros()
FNDA:1,System.Void Tests.BuscaEmLarguraTest::Execucao_GrafoCompleto_DeveExecutarSemErros()
DA:102,1
DA:104,1
DA:106,10
DA:107,4
DA:108,40
DA:109,16
DA:110,16
DA:111,12
DA:112,12
DA:113,12
DA:114,16
DA:115,4
DA:116,1
DA:119,1
DA:122,1
DA:123,1
DA:124,1
BRDA:106,77,1,4
BRDA:108,62,1,16
BRDA:110,31,0,12
BRDA:110,31,1,16
BRDA:108,62,0,4
BRDA:106,77,0,1
FN:130,System.Void Tests.BuscaEmLarguraTest::Execucao_GrafoComVerticeIsolado_DeveVisitarApenasComponenteConectado()
FNDA:1,System.Void Tests.BuscaEmLarguraTest::Execucao_GrafoComVerticeIsolado_DeveVisitarApenasComponenteConectado()
DA:131,1
DA:133,1
DA:134,1
DA:135,1
DA:137,1
DA:140,1
DA:143,1
DA:144,1
DA:146,1
FN:152,System.Void Tests.BuscaEmLarguraTest::Execucao_DiferentesVerticesInicio_DeveExecutarCorretamente()
FNDA:1,System.Void Tests.BuscaEmLarguraTest::Execucao_DiferentesVerticesInicio_DeveExecutarCorretamente()
DA:153,1
DA:155,1
DA:156,1
DA:157,1
DA:158,1
DA:159,1
DA:160,1
DA:163,1
DA:164,1
DA:167,1
DA:168,1
DA:169,1
DA:170,1
DA:171,1
FN:177,System.Void Tests.BuscaEmLarguraTest::Execucao_GrafoComUmVertice_DeveExecutarSemErros()
FNDA:1,System.Void Tests.BuscaEmLarguraTest::Execucao_GrafoComUmVertice_DeveExecutarSemErros()
DA:178,1
DA:180,1
DA:181,1
DA:184,1
DA:187,1
DA:188,1
DA:189,1
FN:195,System.Void Tests.BuscaEmLarguraTest::Execucao_GrafoEstrela_DeveTerNivelCorreto()
FNDA:1,System.Void Tests.BuscaEmLarguraTest::Execucao_GrafoEstrela_DeveTerNivelCorreto()
DA:196,1
DA:198,1
DA:200,1
DA:201,1
DA:202,1
DA:203,1
DA:204,1
DA:205,1
DA:208,1
DA:211,1
DA:212,1
DA:213,1
DA:214,1
FN:220,System.Void Tests.BuscaEmLarguraTest::Execucao_ComListaAdjacencia_DeveExecutarCorretamente()
FNDA:1,System.Void Tests.BuscaEmLarguraTest::Execucao_ComListaAdjacencia_DeveExecutarCorretamente()
DA:221,1
DA:223,1
DA:224,1
DA:225,1
DA:226,1
DA:227,1
DA:228,1
DA:231,1
DA:234,1
DA:235,1
DA:236,1
FN:242,System.Void Tests.BuscaEmLarguraTest::Execucao_GrafoBidirecional_DeveIdentificarArestasCorretamente()
FNDA:1,System.Void Tests.BuscaEmLarguraTest::Execucao_GrafoBidirecional_DeveIdentificarArestasCorretamente()
DA:243,1
DA:245,1
DA:246,1
DA:247,1
DA:248,1
DA:249,1
DA:250,1
DA:253,1
DA:256,1
DA:257,1
DA:258,1
FN:264,System.Void Tests.BuscaEmLarguraTest::Execucao_MultiploComponentes_DeveVisitarApenasComponenteInicial()
FNDA:1,System.Void Tests.BuscaEmLarguraTest::Execucao_MultiploComponentes_DeveVisitarApenasComponenteInicial()
DA:265,1
DA:267,1
DA:269,1
DA:270,1
DA:272,1
DA:273,1
DA:274,1
DA:277,1
DA:280,1
DA:281,1
DA:283,1
FN:289,System.Void Tests.BuscaEmLarguraTest::Execucao_GrafoComAutoLoop_DeveExecutarCorretamente()
FNDA:1,System.Void Tests.BuscaEmLarguraTest::Execucao_GrafoComAutoLoop_DeveExecutarCorretamente()
DA:290,1
DA:292,1
DA:293,1
DA:294,1
DA:295,1
DA:296,1
DA:299,1
DA:302,1
DA:303,1
DA:304,1
FN:310,System.Void Tests.BuscaEmLarguraTest::Execucao_DeveRetornarStringNaoVazia()
FNDA:1,System.Void Tests.BuscaEmLarguraTest::Execucao_DeveRetornarStringNaoVazia()
DA:311,1
DA:313,1
DA:314,1
DA:315,1
DA:318,1
DA:321,1
DA:322,1
FN:328,System.Void Tests.BuscaEmLarguraTest::Execucao_GrafoCaminhoLongo_DeveVisitarTodosVertices()
FNDA:1,System.Void Tests.BuscaEmLarguraTest::Execucao_GrafoCaminhoLongo_DeveVisitarTodosVertices()
DA:329,1
DA:331,1
DA:332,20
DA:333,9
DA:334,9
DA:335,9
DA:336,1
DA:339,1
DA:342,1
DA:343,1
DA:344,1
DA:345,1
BRDA:332,40,1,9
BRDA:332,40,0,1
FN:351,System.Void Tests.BuscaEmLarguraTest::Constructor_ComListaAdjacencia_DeveInicializarCorretamente()
FNDA:1,System.Void Tests.BuscaEmLarguraTest::Constructor_ComListaAdjacencia_DeveInicializarCorretamente()
DA:352,1
DA:354,1
DA:357,1
DA:360,1
DA:361,1
FN:367,System.Void Tests.BuscaEmLarguraTest::Constructor_ComMatrizAdjacencia_DeveInicializarCorretamente()
FNDA:1,System.Void Tests.BuscaEmLarguraTest::Constructor_ComMatrizAdjacencia_DeveInicializarCorretamente()
DA:368,1
DA:370,1
DA:373,1
DA:376,1
DA:377,1
LF:176
LH:176
BRF:8
BRH:8
FNF:17
FNH:17
end_of_record
SF:https://raw.githubusercontent.com/Pedro-Resende-VEVO/TPratico_Grafos/8a7a396913ae322df874ce014605a4b3413a6cb5/Tests/BuscaProfundidadeTest.cs
FN:8,System.Void Tests.BuscaProfundidadeTest::Execucao_ComGrafoSimples_NaoLancaExcecao()
FNDA:1,System.Void Tests.BuscaProfundidadeTest::Execucao_ComGrafoSimples_NaoLancaExcecao()
DA:9,1
DA:11,1
DA:12,1
DA:13,1
DA:14,1
DA:15,1
DA:17,1
DA:19,1
DA:21,1
DA:22,1
DA:23,1
FN:26,System.Void Tests.BuscaProfundidadeTest::Execucao_ComGrafoDesconexo_NaoLancaExcecao()
FNDA:1,System.Void Tests.BuscaProfundidadeTest::Execucao_ComGrafoDesconexo_NaoLancaExcecao()
DA:27,1
DA:29,1
DA:31,1
DA:33,1
DA:35,1
DA:37,1
DA:38,1
DA:40,1
DA:41,1
DA:42,1
DA:43,1
DA:44,1
FN:47,System.Void Tests.BuscaProfundidadeTest::Execucao_ComGrafoVazio_NaoLancaExcecao()
FNDA:1,System.Void Tests.BuscaProfundidadeTest::Execucao_ComGrafoVazio_NaoLancaExcecao()
DA:48,1
DA:50,1
DA:51,1
DA:53,1
DA:54,1
FN:57,System.Void Tests.BuscaProfundidadeTest::Execucao_ComVerticeInexistente_LancaExcecao()
FNDA:1,System.Void Tests.BuscaProfundidadeTest::Execucao_ComVerticeInexistente_LancaExcecao()
DA:58,1
DA:60,1
DA:61,1
DA:62,1
DA:65,2
DA:66,1
FN:69,System.Void Tests.BuscaProfundidadeTest::Execucao_ComGrafoCiclico_NaoLancaExcecao()
FNDA:1,System.Void Tests.BuscaProfundidadeTest::Execucao_ComGrafoCiclico_NaoLancaExcecao()
DA:70,1
DA:71,1
DA:72,1
DA:73,1
DA:74,1
DA:75,1
DA:77,1
DA:79,1
DA:81,1
DA:82,1
DA:83,1
FN:86,System.Void Tests.BuscaProfundidadeTest::Execucao_ComVerticeIsolado_NaoLancaExcecao()
FNDA:1,System.Void Tests.BuscaProfundidadeTest::Execucao_ComVerticeIsolado_NaoLancaExcecao()
DA:87,1
DA:88,1
DA:89,1
DA:91,1
DA:93,1
DA:95,1
DA:96,1
DA:97,1
FN:100,System.Void Tests.BuscaProfundidadeTest::Execucao_ComGrafoLinear_NaoLancaExcecao()
FNDA:1,System.Void Tests.BuscaProfundidadeTest::Execucao_ComGrafoLinear_NaoLancaExcecao()
DA:101,1
DA:102,1
DA:103,1
DA:104,1
DA:105,1
DA:106,1
DA:108,1
DA:110,1
DA:112,1
DA:113,1
DA:114,1
LF:64
LH:64
BRF:0
BRH:0
FNF:7
FNH:7
end_of_record
SF:https://raw.githubusercontent.com/Pedro-Resende-VEVO/TPratico_Grafos/8a7a396913ae322df874ce014605a4b3413a6cb5/Tests/DijkstraTest.cs
FN:9,TP_Grafos.Lista Tests.DijkstraTest::BuildLista(System.Int32,System.ValueTuple`3<System.Int32,System.Int32,System.Int32>[])
FNDA:5,TP_Grafos.Lista Tests.DijkstraTest::BuildLista(System.Int32,System.ValueTuple`3<System.Int32,System.Int32,System.Int32>[])
DA:10,5
DA:11,5
DA:12,37
DA:13,11
DA:14,5
DA:15,5
BRDA:12,56,1,11
BRDA:12,56,0,5
FN:18,System.Void Tests.DijkstraTest::Execucao_CaminhoLinear_RetornaSequenciaEsperada()
FNDA:1,System.Void Tests.DijkstraTest::Execucao_CaminhoLinear_RetornaSequenciaEsperada()
DA:19,1
DA:21,1
DA:22,1
DA:23,1
DA:24,1
DA:25,1
FN:28,System.Void Tests.DijkstraTest::Execucao_IndiceInvalido_LancaExcecao()
FNDA:1,System.Void Tests.DijkstraTest::Execucao_IndiceInvalido_LancaExcecao()
DA:29,1
DA:30,1
DA:31,1
DA:32,2
DA:33,2
DA:34,1
FN:37,System.Void Tests.DijkstraTest::Execucao_Inalcanavel_RetornaParcial()
FNDA:1,System.Void Tests.DijkstraTest::Execucao_Inalcanavel_RetornaParcial()
DA:38,1
DA:40,1
DA:41,1
DA:42,1
DA:43,1
DA:44,1
FN:47,System.Void Tests.DijkstraTest::Execucao_Ciclo_InterrompeAoDetectar()
FNDA:1,System.Void Tests.DijkstraTest::Execucao_Ciclo_InterrompeAoDetectar()
DA:48,1
DA:49,1
DA:50,1
DA:51,1
DA:52,1
DA:55,1
DA:56,1
DA:57,1
FN:60,System.Void Tests.DijkstraTest::Execucao_ArestaPrimeiraEscolhida_DeterminaCaminho()
FNDA:1,System.Void Tests.DijkstraTest::Execucao_ArestaPrimeiraEscolhida_DeterminaCaminho()
DA:61,1
DA:63,1
DA:64,1
DA:65,1
DA:66,1
DA:67,1
LF:38
LH:38
BRF:2
BRH:2
FNF:6
FNH:6
end_of_record
SF:https://raw.githubusercontent.com/Pedro-Resende-VEVO/TPratico_Grafos/8a7a396913ae322df874ce014605a4b3413a6cb5/Tests/EdwaldoTest.cs
FN:16,System.Void Tests.EdwaldoTest::DefinirGrafo_DensidadeAlta_UsaMatriz()
FNDA:1,System.Void Tests.EdwaldoTest::DefinirGrafo_DensidadeAlta_UsaMatriz()
DA:17,1
DA:18,1
DA:19,1
DA:21,1
DA:23,1
DA:24,1
FN:27,System.Void Tests.EdwaldoTest::DefinirGrafo_DensidadeBaixa_UsaLista()
FNDA:1,System.Void Tests.EdwaldoTest::DefinirGrafo_DensidadeBaixa_UsaLista()
DA:28,1
DA:29,1
DA:30,1
DA:32,1
DA:34,1
DA:35,1
FN:38,System.Void Tests.EdwaldoTest::AddAresta_Manual_InsereAresta()
FNDA:1,System.Void Tests.EdwaldoTest::AddAresta_Manual_InsereAresta()
DA:39,1
DA:40,1
DA:42,1
DA:44,1
DA:46,1
DA:47,1
FN:50,System.Void Tests.EdwaldoTest::Adjacencia_Existente_RetornaMensagemCorreta()
FNDA:1,System.Void Tests.EdwaldoTest::Adjacencia_Existente_RetornaMensagemCorreta()
DA:51,1
DA:52,1
DA:53,1
DA:55,1
DA:57,1
DA:58,1
FN:61,System.Void Tests.EdwaldoTest::Adjacencia_Inexistente_RetornaMensagemCorreta()
FNDA:1,System.Void Tests.EdwaldoTest::Adjacencia_Inexistente_RetornaMensagemCorreta()
DA:62,1
DA:63,1
DA:65,1
DA:67,1
DA:68,1
FN:71,System.Void Tests.EdwaldoTest::Grau_EntradaESaida_RetornaFormatado()
FNDA:1,System.Void Tests.EdwaldoTest::Grau_EntradaESaida_RetornaFormatado()
DA:72,1
DA:73,1
DA:75,1
DA:76,1
DA:78,1
DA:80,1
DA:81,1
FN:84,System.Void Tests.EdwaldoTest::BuscaEmLargura_ExecutaSemErro()
FNDA:1,System.Void Tests.EdwaldoTest::BuscaEmLargura_ExecutaSemErro()
DA:85,1
DA:86,1
DA:87,1
DA:88,1
DA:90,1
DA:92,1
DA:93,1
FN:96,System.Void Tests.EdwaldoTest::BuscaEmProfundidade_ExecutaSemErro()
FNDA:1,System.Void Tests.EdwaldoTest::BuscaEmProfundidade_ExecutaSemErro()
DA:97,1
DA:98,1
DA:99,1
DA:100,1
DA:102,1
DA:104,1
DA:105,1
FN:108,System.Void Tests.EdwaldoTest::Dijkstra_ExecutaCorretamente()
FNDA:1,System.Void Tests.EdwaldoTest::Dijkstra_ExecutaCorretamente()
DA:109,1
DA:110,1
DA:111,1
DA:113,1
DA:114,1
DA:115,1
DA:116,1
DA:118,1
DA:120,1
DA:121,1
FN:124,System.Void Tests.EdwaldoTest::FloydWarshal_ExecutaSemErro()
FNDA:1,System.Void Tests.EdwaldoTest::FloydWarshal_ExecutaSemErro()
DA:125,1
DA:126,1
DA:127,1
DA:128,1
DA:130,1
DA:132,1
DA:133,1
FN:136,System.Void Tests.EdwaldoTest::VerticeDestinoValido_ValorDentro_RetornaTrue()
FNDA:1,System.Void Tests.EdwaldoTest::VerticeDestinoValido_ValorDentro_RetornaTrue()
DA:137,1
DA:138,1
DA:140,1
DA:142,1
DA:143,1
FN:146,System.Void Tests.EdwaldoTest::VerticeDestinoValido_ValorFora_LancaExcecao()
FNDA:1,System.Void Tests.EdwaldoTest::VerticeDestinoValido_ValorFora_LancaExcecao()
DA:147,1
DA:148,1
DA:150,2
DA:151,1
FN:154,System.Void Tests.EdwaldoTest::QntVerticeGrafoValida_ValorCorreto_RetornaTrue()
FNDA:1,System.Void Tests.EdwaldoTest::QntVerticeGrafoValida_ValorCorreto_RetornaTrue()
DA:155,1
DA:156,1
DA:158,1
DA:159,1
FN:162,System.Void Tests.EdwaldoTest::QntVerticeGrafoValida_ValorZero_LancaExcecao()
FNDA:1,System.Void Tests.EdwaldoTest::QntVerticeGrafoValida_ValorZero_LancaExcecao()
DA:163,1
DA:164,2
DA:165,1
FN:168,System.Void Tests.EdwaldoTest::QntArestaGrafoValida_ValorCorreto_RetornaTrue()
FNDA:1,System.Void Tests.EdwaldoTest::QntArestaGrafoValida_ValorCorreto_RetornaTrue()
DA:169,1
DA:170,1
DA:172,1
DA:173,1
FN:176,System.Void Tests.EdwaldoTest::QntArestaGrafoValida_ValorMaiorQueN_LancaExcecao()
FNDA:1,System.Void Tests.EdwaldoTest::QntArestaGrafoValida_ValorMaiorQueN_LancaExcecao()
DA:177,1
DA:178,2
DA:179,1
FN:10,System.Void Tests.EdwaldoTest::.ctor()
FNDA:16,System.Void Tests.EdwaldoTest::.ctor()
DA:11,16
DA:12,16
DA:13,16
LF:93
LH:93
BRF:0
BRH:0
FNF:17
FNH:17
end_of_record
SF:https://raw.githubusercontent.com/Pedro-Resende-VEVO/TPratico_Grafos/8a7a396913ae322df874ce014605a4b3413a6cb5/Tests/FloydWarshalTest.cs
FN:9,System.Void Tests.FloydWarshalTest::FloydWarshal_DeveCalcularDistanciasCorretas()
FNDA:1,System.Void Tests.FloydWarshalTest::FloydWarshal_DeveCalcularDistanciasCorretas()
DA:10,1
DA:12,1
DA:14,1
DA:15,1
DA:16,1
DA:17,1
DA:18,1
DA:20,1
DA:23,1
DA:26,1
DA:27,1
DA:28,1
DA:29,1
DA:31,1
DA:32,1
DA:33,1
DA:35,1
DA:36,1
LF:18
LH:18
BRF:0
BRH:0
FNF:1
FNH:1
end_of_record
SF:https://raw.githubusercontent.com/Pedro-Resende-VEVO/TPratico_Grafos/8a7a396913ae322df874ce014605a4b3413a6cb5/Tests/ListaTest.cs
FN:11,System.Void Tests.ListaTest::AddAresta_IndiceOcupado_DeveRetornarCorretamente()
FNDA:1,System.Void Tests.ListaTest::AddAresta_IndiceOcupado_DeveRetornarCorretamente()
DA:12,1
DA:13,1
DA:15,1
DA:17,1
DA:18,1
DA:19,1
FN:22,System.Void Tests.ListaTest::ArestasAdjacentes_DeveFiltrarArestaOriginalEManterOutras()
FNDA:1,System.Void Tests.ListaTest::ArestasAdjacentes_DeveFiltrarArestaOriginalEManterOutras()
DA:23,1
DA:24,1
DA:28,1
DA:29,1
DA:33,1
DA:34,1
DA:36,1
DA:38,1
DA:42,1
DA:43,1
DA:44,1
DA:45,1
DA:46,1
FN:49,System.Void Tests.ListaTest::VerticesAdjacentes_DeveRetornarDestinoDasArestasDaLista()
FNDA:1,System.Void Tests.ListaTest::VerticesAdjacentes_DeveRetornarDestinoDasArestasDaLista()
DA:50,1
DA:51,1
DA:53,1
DA:54,1
DA:56,1
DA:60,1
DA:61,1
FN:64,System.Void Tests.ListaTest::ArestasIncidentes_DeveRetornarTodasArestasNoIndice()
FNDA:1,System.Void Tests.ListaTest::ArestasIncidentes_DeveRetornarTodasArestasNoIndice()
DA:65,1
DA:66,1
DA:68,1
DA:69,1
DA:71,1
DA:73,1
DA:74,2
DA:75,3
DA:76,1
BRDA:74,6,0,1
BRDA:74,15,0,1
BRDA:74,6,1,0
BRDA:74,15,1,0
BRDA:75,7,0,1
BRDA:75,16,0,1
BRDA:75,7,1,1
BRDA:75,16,1,1
FN:79,System.Void Tests.ListaTest::VerticesIncidentes_DeveRetornarVDeAresta()
FNDA:1,System.Void Tests.ListaTest::VerticesIncidentes_DeveRetornarVDeAresta()
DA:80,1
DA:81,1
DA:82,1
DA:84,1
DA:86,1
DA:87,1
FN:90,System.Void Tests.ListaTest::GrauEntradaEGrauSaida_DevemSerCalculadosCorretamente()
FNDA:1,System.Void Tests.ListaTest::GrauEntradaEGrauSaida_DevemSerCalculadosCorretamente()
DA:91,1
DA:92,1
DA:95,1
DA:96,1
DA:97,1
DA:100,1
DA:103,1
DA:104,1
DA:105,1
DA:106,1
FN:109,System.Void Tests.ListaTest::ExisteAdjacencia_DeveRetornarTrueQuandoHaAresta()
FNDA:1,System.Void Tests.ListaTest::ExisteAdjacencia_DeveRetornarTrueQuandoHaAresta()
DA:110,1
DA:111,1
DA:113,1
DA:115,1
DA:116,1
DA:117,1
FN:120,System.Void Tests.ListaTest::SubstituirPeso_DeveAlterarPesoDaAresta()
FNDA:1,System.Void Tests.ListaTest::SubstituirPeso_DeveAlterarPesoDaAresta()
DA:121,1
DA:122,1
DA:123,1
DA:125,1
DA:127,1
DA:128,1
FN:131,System.Void Tests.ListaTest::SubstituirVertice_DeveTrocarVerticesNasListasEArestas()
FNDA:1,System.Void Tests.ListaTest::SubstituirVertice_DeveTrocarVerticesNasListasEArestas()
DA:132,1
DA:133,1
DA:136,1
DA:137,1
DA:139,1
DA:140,1
DA:142,1
DA:145,1
DA:146,1
DA:148,1
DA:149,1
DA:150,1
FN:153,System.Void Tests.ListaTest::Vizinhos_DeveRetornarVerticesQueApontamParaV()
FNDA:1,System.Void Tests.ListaTest::Vizinhos_DeveRetornarVerticesQueApontamParaV()
DA:154,1
DA:155,1
DA:157,1
DA:158,1
DA:160,1
DA:163,1
DA:164,1
DA:165,9
DA:166,1
BRDA:165,93,1,2
BRDA:165,93,0,1
FN:169,System.Void Tests.ListaTest::Vizinhos_DeveRetornarArrayVazioQuandoNaoHaArestas()
FNDA:1,System.Void Tests.ListaTest::Vizinhos_DeveRetornarArrayVazioQuandoNaoHaArestas()
DA:170,1
DA:171,1
DA:173,1
DA:175,1
DA:176,1
DA:177,1
FN:180,System.Void Tests.ListaTest::ToString_DeveGerarRepresentacaoDaLista()
FNDA:1,System.Void Tests.ListaTest::ToString_DeveGerarRepresentacaoDaLista()
DA:181,1
DA:182,1
DA:185,1
DA:188,1
DA:190,1
DA:191,1
DA:192,1
DA:194,1
DA:195,1
LF:99
LH:99
BRF:10
BRH:8
FNF:12
FNH:12
end_of_record
SF:https://raw.githubusercontent.com/Pedro-Resende-VEVO/TPratico_Grafos/8a7a396913ae322df874ce014605a4b3413a6cb5/Tests/MatrizTest.cs
FN:11,System.Void Tests.MatrizTest::AddAresta_IndiceOcupado_DeveRetornarCorretamente()
FNDA:1,System.Void Tests.MatrizTest::AddAresta_IndiceOcupado_DeveRetornarCorretamente()
DA:12,1
DA:13,1
DA:14,1
DA:15,1
DA:16,1
DA:17,1
FN:20,System.Void Tests.MatrizTest::ArestasAdjacentes_DeveRetornarArestasDaMesmaLinhaExcetoOriginal()
FNDA:1,System.Void Tests.MatrizTest::ArestasAdjacentes_DeveRetornarArestasDaMesmaLinhaExcetoOriginal()
DA:21,1
DA:22,1
DA:23,1
DA:24,1
DA:25,1
DA:26,1
DA:27,1
DA:28,1
DA:29,1
DA:30,1
DA:31,1
FN:34,System.Void Tests.MatrizTest::VerticesAdjacentes_DeveRetornarVerticesQuePossuemArestasParaV()
FNDA:1,System.Void Tests.MatrizTest::VerticesAdjacentes_DeveRetornarVerticesQuePossuemArestasParaV()
DA:35,1
DA:36,1
DA:37,1
DA:38,1
DA:39,1
DA:40,1
DA:41,1
DA:42,9
DA:43,1
BRDA:42,97,1,2
BRDA:42,97,0,1
FN:46,System.Void Tests.MatrizTest::ArestasIncidentes_DeveRetornarArestasQueChegamEmV()
FNDA:1,System.Void Tests.MatrizTest::ArestasIncidentes_DeveRetornarArestasQueChegamEmV()
DA:47,1
DA:48,1
DA:49,1
DA:50,1
DA:51,1
DA:52,1
DA:53,1
DA:54,2
DA:55,3
DA:56,1
BRDA:54,7,0,1
BRDA:54,15,0,1
BRDA:54,7,1,0
BRDA:54,15,1,0
BRDA:55,7,0,1
BRDA:55,15,0,1
BRDA:55,7,1,1
BRDA:55,15,1,1
FN:59,System.Void Tests.MatrizTest::VerticesIncidentes_DeveRetornarVerticesDaArestaComUmBase()
FNDA:1,System.Void Tests.MatrizTest::VerticesIncidentes_DeveRetornarVerticesDaArestaComUmBase()
DA:60,1
DA:61,1
DA:62,1
DA:63,1
DA:64,1
DA:65,1
FN:68,System.Void Tests.MatrizTest::GrauEntradaESaida_DevemSerCalculadosCorretamente()
FNDA:1,System.Void Tests.MatrizTest::GrauEntradaESaida_DevemSerCalculadosCorretamente()
DA:69,1
DA:70,1
DA:71,1
DA:72,1
DA:73,1
DA:74,1
DA:75,1
DA:76,1
DA:77,1
DA:78,1
FN:81,System.Void Tests.MatrizTest::ExisteAdjacencia_DeveRetornarTrueOuFalseConformeAresta()
FNDA:1,System.Void Tests.MatrizTest::ExisteAdjacencia_DeveRetornarTrueOuFalseConformeAresta()
DA:82,1
DA:83,1
DA:84,1
DA:85,1
DA:86,1
DA:87,1
FN:90,System.Void Tests.MatrizTest::SubstituirPeso_DeveAlterarPesoNaArestaENaMatriz()
FNDA:1,System.Void Tests.MatrizTest::SubstituirPeso_DeveAlterarPesoNaArestaENaMatriz()
DA:91,1
DA:92,1
DA:93,1
DA:94,1
DA:95,1
DA:96,1
DA:97,1
DA:98,1
DA:99,1
FN:102,System.Void Tests.MatrizTest::SubstituirVertice_DeveMoverArestasEntreVertices()
FNDA:1,System.Void Tests.MatrizTest::SubstituirVertice_DeveMoverArestasEntreVertices()
DA:103,1
DA:104,1
DA:105,1
DA:106,1
DA:107,1
DA:108,1
DA:109,1
DA:110,1
DA:111,1
DA:112,1
DA:113,1
DA:114,1
FN:117,System.Void Tests.MatrizTest::Vizinhos_DeveRetornarVerticesAlcancadosPorV()
FNDA:1,System.Void Tests.MatrizTest::Vizinhos_DeveRetornarVerticesAlcancadosPorV()
DA:118,1
DA:119,1
DA:120,1
DA:121,1
DA:122,1
DA:123,1
DA:124,1
DA:125,9
DA:126,1
BRDA:125,97,1,2
BRDA:125,97,0,1
FN:129,System.Void Tests.MatrizTest::Vizinhos_DeveRetornarArrayVazioQuandoNaoHaArestas()
FNDA:1,System.Void Tests.MatrizTest::Vizinhos_DeveRetornarArrayVazioQuandoNaoHaArestas()
DA:130,1
DA:131,1
DA:132,1
DA:133,1
DA:134,1
DA:135,1
FN:138,System.Void Tests.MatrizTest::ToString_DeveGerarMatrizCorreta()
FNDA:1,System.Void Tests.MatrizTest::ToString_DeveGerarMatrizCorreta()
DA:139,1
DA:140,1
DA:141,1
DA:142,1
DA:143,1
DA:144,1
DA:145,1
DA:146,1
DA:147,1
DA:148,1
DA:149,1
LF:105
LH:105
BRF:12
BRH:10
FNF:12
FNH:12
end_of_record
SF:https://raw.githubusercontent.com/Pedro-Resende-VEVO/TPratico_Grafos/8a7a396913ae322df874ce014605a4b3413a6cb5/Tests/ProgramTest.cs
FN:11,System.Void Tests.ProgramTest::SetEdwaldo()
FNDA:3,System.Void Tests.ProgramTest::SetEdwaldo()
DA:12,3
DA:13,3
DA:14,3
DA:15,3
DA:16,3
FN:18,T Tests.ProgramTest::WithConsole(System.String,System.Func`1<T>,System.String&)
FNDA:8,T Tests.ProgramTest::WithConsole(System.String,System.Func`1<T>,System.String&)
DA:19,8
DA:20,8
DA:21,8
DA:22,16
DA:23,16
DA:24,40
DA:25,32
DA:26,8
FN:29,System.Void Tests.ProgramTest::Cabecalho_ImprimeTitulo()
FNDA:1,System.Void Tests.ProgramTest::Cabecalho_ImprimeTitulo()
DA:30,1
DA:31,5
DA:32,1
DA:33,1
FN:36,System.Void Tests.ProgramTest::Menu_ComEntradaValida_RetornaValor()
FNDA:1,System.Void Tests.ProgramTest::Menu_ComEntradaValida_RetornaValor()
DA:37,1
DA:38,2
DA:39,1
DA:40,1
FN:43,System.Void Tests.ProgramTest::Menu_ComEntradaInvalidaDepoisValida_RetornaSegunda()
FNDA:1,System.Void Tests.ProgramTest::Menu_ComEntradaInvalidaDepoisValida_RetornaSegunda()
DA:44,1
DA:46,2
DA:47,1
DA:48,1
FN:51,System.Void Tests.ProgramTest::MenuDIMAC_ComEntradaValida_RetornaValor()
FNDA:1,System.Void Tests.ProgramTest::MenuDIMAC_ComEntradaValida_RetornaValor()
DA:52,1
DA:53,2
DA:54,1
DA:55,1
FN:58,System.Void Tests.ProgramTest::MenuDIMAC_ComEntradaInvalidaDepoisValida_RetornaSegunda()
FNDA:1,System.Void Tests.ProgramTest::MenuDIMAC_ComEntradaInvalidaDepoisValida_RetornaSegunda()
DA:59,1
DA:61,2
DA:62,1
DA:63,1
FN:66,System.Void Tests.ProgramTest::Erro_ImprimeMensagem()
FNDA:1,System.Void Tests.ProgramTest::Erro_ImprimeMensagem()
DA:67,1
DA:68,1
DA:69,1
DA:70,1
DA:71,2
DA:72,2
DA:73,1
DA:74,5
DA:75,1
DA:76,1
DA:77,1
DA:78,4
DA:79,1
FN:82,System.Void Tests.ProgramTest::InputVertice_ComEntradaValida_RetornaIndice()
FNDA:1,System.Void Tests.ProgramTest::InputVertice_ComEntradaValida_RetornaIndice()
DA:83,1
DA:84,1
DA:86,1
DA:87,1
DA:88,1
DA:89,2
DA:90,1
DA:91,1
FN:94,System.Void Tests.ProgramTest::InputVertice_ComInvalidoDepoisValido_RetornaCorreto()
FNDA:1,System.Void Tests.ProgramTest::InputVertice_ComInvalidoDepoisValido_RetornaCorreto()
DA:95,1
DA:96,1
DA:97,1
DA:98,1
DA:99,1
DA:101,2
DA:102,1
DA:103,1
FN:106,System.Void Tests.ProgramTest::InputAresta_SelecionaPrimeiraAresta()
FNDA:1,System.Void Tests.ProgramTest::InputAresta_SelecionaPrimeiraAresta()
DA:107,1
DA:108,1
DA:109,1
DA:110,1
DA:111,1
DA:112,1
DA:113,1
DA:114,2
DA:115,1
DA:116,1
DA:117,1
DA:118,1
LF:74
LH:74
BRF:0
BRH:0
FNF:11
FNH:11
end_of_record
SF:https://raw.githubusercontent.com/Pedro-Resende-VEVO/TPratico_Grafos/8a7a396913ae322df874ce014605a4b3413a6cb5/TP-Grafos/Aresta.cs
FN:23,System.String TP_Grafos.Aresta::toString()
FNDA:4,System.String TP_Grafos.Aresta::toString()
DA:24,4
DA:25,4
DA:26,4
FN:16,System.Void TP_Grafos.Aresta::.ctor(System.Int32,System.Int32,System.Int32)
FNDA:80,System.Void TP_Grafos.Aresta::.ctor(System.Int32,System.Int32,System.Int32)
DA:17,80
DA:18,80
DA:19,80
DA:20,80
DA:21,80
LF:8
LH:8
BRF:0
BRH:0
FNF:2
FNH:2
end_of_record
SF:https://raw.githubusercontent.com/Pedro-Resende-VEVO/TPratico_Grafos/8a7a396913ae322df874ce014605a4b3413a6cb5/TP-Grafos/BuscaEmLargura.cs
FN:26,System.String TP_Grafos.BuscaEmLargura::execucao(System.Int32)
FNDA:17,System.String TP_Grafos.BuscaEmLargura::execucao(System.Int32)
DA:27,17
DA:28,17
DA:30,188
DA:31,77
DA:32,77
DA:33,77
DA:34,77
DA:35,77
DA:38,17
DA:39,17
DA:40,17
DA:41,17
DA:42,17
DA:43,17
DA:44,17
DA:46,78
DA:47,61
DA:48,61
DA:49,297
DA:50,57
DA:51,57
DA:52,44
DA:53,44
DA:54,44
DA:55,44
DA:56,44
DA:57,44
DA:58,44
DA:60,44
DA:61,13
DA:62,1
DA:63,1
DA:64,1
DA:66,12
DA:67,12
DA:68,12
DA:69,57
DA:70,61
DA:71,17
DA:72,17
DA:73,17
BRDA:30,60,1,77
BRDA:30,60,0,17
BRDA:39,79,0,17
BRDA:46,457,1,61
BRDA:49,433,1,57
BRDA:51,203,0,44
BRDA:51,203,1,13
BRDA:61,313,0,8
BRDA:61,313,1,5
BRDA:61,342,0,1
BRDA:61,342,1,12
BRDA:49,433,0,61
BRDA:46,457,0,17
BRDA:39,79,1,17
FN:17,System.Void TP_Grafos.BuscaEmLargura::.ctor(TP_Grafos.Grafo)
FNDA:19,System.Void TP_Grafos.BuscaEmLargura::.ctor(TP_Grafos.Grafo)
DA:18,19
DA:19,19
DA:20,19
DA:21,19
DA:22,19
DA:23,19
DA:24,19
LF:48
LH:48
BRF:14
BRH:14
FNF:2
FNH:2
end_of_record
SF:https://raw.githubusercontent.com/Pedro-Resende-VEVO/TPratico_Grafos/8a7a396913ae322df874ce014605a4b3413a6cb5/TP-Grafos/BuscaEmProfundidade.cs
FN:26,System.String TP_Grafos.BuscaEmProfundidade::execucao(System.Int32)
FNDA:10,System.String TP_Grafos.BuscaEmProfundidade::execucao(System.Int32)
DA:27,10
DA:28,10
DA:29,10
DA:31,33
DA:32,3
DA:33,3
DA:34,2
DA:35,2
DA:36,2
DA:37,2
DA:38,3
DA:39,9
DA:40,9
DA:41,9
DA:42,9
BRDA:31,95,1,3
BRDA:33,65,0,2
BRDA:33,65,1,3
BRDA:31,95,0,9
FN:17,System.Void TP_Grafos.BuscaEmProfundidade::.ctor(TP_Grafos.Grafo)
FNDA:8,System.Void TP_Grafos.BuscaEmProfundidade::.ctor(TP_Grafos.Grafo)
DA:18,8
DA:19,8
DA:20,8
DA:21,8
DA:22,8
DA:23,8
DA:24,8
LF:22
LH:22
BRF:4
BRH:4
FNF:2
FNH:2
end_of_record
SF:https://raw.githubusercontent.com/Pedro-Resende-VEVO/TPratico_Grafos/8a7a396913ae322df874ce014605a4b3413a6cb5/TP-Grafos/Dijkstra.cs
FN:24,System.String TP_Grafos.Dijkstra::execucao(System.Int32,System.Int32)
FNDA:8,System.String TP_Grafos.Dijkstra::execucao(System.Int32,System.Int32)
DA:25,8
DA:26,8
DA:27,2
DA:28,2
DA:32,6
DA:33,52
DA:34,20
DA:35,92
DA:36,16
DA:37,16
DA:38,16
DA:39,20
DA:42,6
DA:43,6
DA:44,6
DA:45,6
DA:46,6
DA:47,16
DA:48,11
DA:49,35
DA:50,11
DA:51,1
DA:52,1
DA:54,10
DA:55,10
DA:56,0
DA:57,0
DA:59,10
DA:60,10
DA:61,10
DA:62,6
DA:63,6
BRDA:26,9,0,7
BRDA:26,13,0,7
BRDA:26,27,0,7
BRDA:26,9,1,1
BRDA:26,13,1,1
BRDA:26,27,1,1
BRDA:26,53,0,2
BRDA:26,53,1,6
BRDA:33,153,1,20
BRDA:35,125,1,16
BRDA:35,125,0,20
BRDA:33,153,0,6
BRDA:47,359,1,11
BRDA:49,214,0,5
BRDA:49,214,1,11
BRDA:50,256,0,1
BRDA:50,256,1,10
BRDA:55,293,0,0
BRDA:55,293,1,10
BRDA:47,335,0,11
BRDA:47,335,1,5
BRDA:47,359,0,6
FN:16,System.Void TP_Grafos.Dijkstra::.ctor(TP_Grafos.Grafo)
FNDA:6,System.Void TP_Grafos.Dijkstra::.ctor(TP_Grafos.Grafo)
DA:17,6
DA:18,6
DA:19,6
DA:20,6
DA:21,6
DA:22,6
LF:38
LH:36
BRF:22
BRH:21
FNF:2
FNH:2
end_of_record
SF:https://raw.githubusercontent.com/Pedro-Resende-VEVO/TPratico_Grafos/8a7a396913ae322df874ce014605a4b3413a6cb5/TP-Grafos/Edwaldo.cs
FN:20,System.Void TP_Grafos.Edwaldo::definirGrafo(System.Int32,System.Int32)
FNDA:15,System.Void TP_Grafos.Edwaldo::definirGrafo(System.Int32,System.Int32)
DA:21,15
DA:23,15
DA:24,15
DA:25,2
DA:26,2
DA:27,2
DA:29,13
DA:30,13
DA:31,13
DA:32,15
BRDA:23,3,0,0
BRDA:23,3,1,15
BRDA:24,37,0,2
BRDA:24,37,1,13
FN:34,System.String TP_Grafos.Edwaldo::formatoString()
FNDA:2,System.String TP_Grafos.Edwaldo::formatoString()
DA:35,2
DA:36,2
DA:37,2
FN:39,System.Void TP_Grafos.Edwaldo::addAresta(System.Int32)
FNDA:0,System.Void TP_Grafos.Edwaldo::addAresta(System.Int32)
DA:40,0
DA:41,0
DA:42,0
DA:44,0
DA:45,0
DA:46,0
DA:47,0
DA:48,0
DA:49,0
BRDA:47,43,1,0
BRDA:47,23,0,0
BRDA:47,23,1,0
BRDA:47,43,0,0
FN:51,System.Void TP_Grafos.Edwaldo::addAresta(System.Int32,System.Int32,System.Int32)
FNDA:17,System.Void TP_Grafos.Edwaldo::addAresta(System.Int32,System.Int32,System.Int32)
DA:52,17
DA:53,17
DA:54,17
FN:56,System.Int32 TP_Grafos.Edwaldo::sortearVertice()
FNDA:0,System.Int32 TP_Grafos.Edwaldo::sortearVertice()
DA:57,0
DA:58,0
DA:59,0
DA:60,0
FN:62,TP_Grafos.Aresta[] TP_Grafos.Edwaldo::arestasDisponiveis()
FNDA:1,TP_Grafos.Aresta[] TP_Grafos.Edwaldo::arestasDisponiveis()
DA:63,1
DA:64,1
DA:65,8
DA:66,3
DA:67,15
DA:68,3
DA:69,3
DA:70,3
DA:71,3
DA:72,1
DA:73,1
BRDA:65,79,1,3
BRDA:67,54,1,3
BRDA:67,54,0,3
BRDA:65,79,0,1
BRDA:72,87,0,0
BRDA:72,87,1,1
FN:75,System.Int32[] TP_Grafos.Edwaldo::verticesDisponiveis()
FNDA:2,System.Int32[] TP_Grafos.Edwaldo::verticesDisponiveis()
DA:76,2
DA:77,2
DA:78,16
DA:79,6
DA:80,6
DA:81,6
DA:82,2
DA:83,2
BRDA:78,41,1,6
BRDA:78,41,0,2
BRDA:82,49,0,0
BRDA:82,49,1,2
FN:85,TP_Grafos.Aresta[] TP_Grafos.Edwaldo::adjacencia(TP_Grafos.Aresta)
FNDA:0,TP_Grafos.Aresta[] TP_Grafos.Edwaldo::adjacencia(TP_Grafos.Aresta)
DA:86,0
DA:87,0
DA:88,0
DA:89,0
BRDA:88,16,0,0
BRDA:88,16,1,0
FN:92,System.Int32[] TP_Grafos.Edwaldo::adjacencia(System.Int32)
FNDA:0,System.Int32[] TP_Grafos.Edwaldo::adjacencia(System.Int32)
DA:93,0
DA:94,0
DA:95,0
DA:96,0
BRDA:95,16,0,0
BRDA:95,16,1,0
FN:98,System.String TP_Grafos.Edwaldo::adjacencia(System.Int32,System.Int32)
FNDA:3,System.String TP_Grafos.Edwaldo::adjacencia(System.Int32,System.Int32)
DA:99,3
DA:100,3
DA:101,3
BRDA:100,14,0,1
BRDA:100,14,1,2
FN:103,System.Int32[] TP_Grafos.Edwaldo::incidencia(TP_Grafos.Aresta)
FNDA:0,System.Int32[] TP_Grafos.Edwaldo::incidencia(TP_Grafos.Aresta)
DA:104,0
DA:105,0
DA:106,0
DA:107,0
BRDA:106,16,0,0
BRDA:106,16,1,0
FN:109,TP_Grafos.Aresta[] TP_Grafos.Edwaldo::incidencia(System.Int32)
FNDA:0,TP_Grafos.Aresta[] TP_Grafos.Edwaldo::incidencia(System.Int32)
DA:110,0
DA:111,0
DA:112,0
DA:113,0
BRDA:112,16,0,0
BRDA:112,16,1,0
FN:115,System.String TP_Grafos.Edwaldo::grau(System.Int32)
FNDA:1,System.String TP_Grafos.Edwaldo::grau(System.Int32)
DA:116,1
DA:117,1
DA:118,1
FN:120,TP_Grafos.Aresta TP_Grafos.Edwaldo::substituir(TP_Grafos.Aresta,System.Int32)
FNDA:0,TP_Grafos.Aresta TP_Grafos.Edwaldo::substituir(TP_Grafos.Aresta,System.Int32)
DA:121,0
DA:122,0
DA:123,0
FN:125,System.Void TP_Grafos.Edwaldo::substituir(System.Int32,System.Int32)
FNDA:0,System.Void TP_Grafos.Edwaldo::substituir(System.Int32,System.Int32)
DA:126,0
DA:127,0
DA:128,0
DA:129,0
DA:131,0
DA:132,0
BRDA:127,3,0,0
BRDA:127,7,0,0
BRDA:127,21,0,0
BRDA:127,3,1,0
BRDA:127,7,1,0
BRDA:127,21,1,0
BRDA:127,45,0,0
BRDA:127,45,1,0
FN:134,System.String TP_Grafos.Edwaldo::buscaEmLargura(System.Int32)
FNDA:1,System.String TP_Grafos.Edwaldo::buscaEmLargura(System.Int32)
DA:135,1
DA:136,1
DA:137,1
FN:139,System.String TP_Grafos.Edwaldo::buscaEmProfundidade(System.Int32)
FNDA:1,System.String TP_Grafos.Edwaldo::buscaEmProfundidade(System.Int32)
DA:140,1
DA:141,1
DA:142,1
FN:144,System.String TP_Grafos.Edwaldo::Dijkstra(System.Int32,System.Int32)
FNDA:1,System.String TP_Grafos.Edwaldo::Dijkstra(System.Int32,System.Int32)
DA:145,1
DA:146,1
DA:147,1
FN:149,System.Int32[0...,0...] TP_Grafos.Edwaldo::FloydWarshal(System.Int32)
FNDA:1,System.Int32[0...,0...] TP_Grafos.Edwaldo::FloydWarshal(System.Int32)
DA:150,1
DA:151,1
DA:152,1
FN:155,System.Boolean TP_Grafos.Edwaldo::verticeDestinoValido(System.Int32)
FNDA:2,System.Boolean TP_Grafos.Edwaldo::verticeDestinoValido(System.Int32)
DA:156,2
DA:158,2
DA:159,1
BRDA:158,3,0,2
BRDA:158,3,1,1
BRDA:158,19,0,1
BRDA:158,19,1,1
FN:161,System.Boolean TP_Grafos.Edwaldo::qntVerticeGrafoValida(System.Int32)
FNDA:2,System.Boolean TP_Grafos.Edwaldo::qntVerticeGrafoValida(System.Int32)
DA:162,2
DA:163,2
DA:164,1
BRDA:163,3,0,1
BRDA:163,3,1,1
FN:166,System.Boolean TP_Grafos.Edwaldo::qntArestaVerticeValida(System.Int32)
FNDA:0,System.Boolean TP_Grafos.Edwaldo::qntArestaVerticeValida(System.Int32)
DA:167,0
DA:168,0
DA:169,0
BRDA:168,15,0,0
BRDA:168,15,1,0
BRDA:168,19,0,0
BRDA:168,19,1,0
FN:171,System.Boolean TP_Grafos.Edwaldo::qntArestaGrafoValida(System.Int32,System.Int32)
FNDA:2,System.Boolean TP_Grafos.Edwaldo::qntArestaGrafoValida(System.Int32,System.Int32)
DA:172,2
DA:173,2
DA:174,1
BRDA:173,3,0,1
BRDA:173,3,1,1
BRDA:173,7,0,1
BRDA:173,7,1,1
FN:176,System.String TP_Grafos.Edwaldo::representacao()
FNDA:0,System.String TP_Grafos.Edwaldo::representacao()
DA:177,0
DA:178,0
DA:179,0
FN:12,System.Void TP_Grafos.Edwaldo::.ctor()
FNDA:20,System.Void TP_Grafos.Edwaldo::.ctor()
DA:13,20
DA:17,20
DA:18,20
LF:109
LH:65
BRF:50
BRH:23
FNF:25
FNH:15
end_of_record
SF:https://raw.githubusercontent.com/Pedro-Resende-VEVO/TPratico_Grafos/8a7a396913ae322df874ce014605a4b3413a6cb5/TP-Grafos/FloydWarshal.cs
FN:21,System.Int32[0...,0...] TP_Grafos.FloydWarshal::execucao(System.Int32)
FNDA:2,System.Int32[0...,0...] TP_Grafos.FloydWarshal::execucao(System.Int32)
DA:22,2
DA:23,2
DA:25,18
DA:26,7
DA:27,64
DA:28,25
DA:29,25
DA:30,25
DA:31,7
DA:34,18
DA:35,7
DA:36,35
DA:37,7
DA:38,7
DA:39,7
DA:40,7
DA:43,18
DA:44,7
DA:45,64
DA:46,25
DA:47,34
DA:48,148
DA:49,58
DA:50,88
DA:51,28
DA:52,28
DA:53,5
DA:54,5
DA:55,5
DA:56,28
DA:57,16
DA:58,7
DA:60,2
DA:61,2
BRDA:25,84,1,7
BRDA:27,59,1,25
BRDA:29,27,0,18
BRDA:29,27,1,7
BRDA:27,59,0,7
BRDA:25,84,0,2
BRDA:34,224,1,7
BRDA:36,196,1,7
BRDA:36,196,0,7
BRDA:34,224,0,2
BRDA:43,473,1,7
BRDA:45,442,1,25
BRDA:47,269,1,16
BRDA:48,411,1,58
BRDA:50,304,1,28
BRDA:52,364,0,5
BRDA:52,364,1,28
BRDA:50,304,0,58
BRDA:48,411,0,16
BRDA:47,269,0,25
BRDA:45,442,0,7
BRDA:43,473,0,2
FN:14,System.Void TP_Grafos.FloydWarshal::.ctor(TP_Grafos.Grafo)
FNDA:2,System.Void TP_Grafos.FloydWarshal::.ctor(TP_Grafos.Grafo)
DA:15,2
DA:16,2
DA:17,2
DA:19,2
LF:38
LH:38
BRF:22
BRH:22
FNF:2
FNH:2
end_of_record
SF:https://raw.githubusercontent.com/Pedro-Resende-VEVO/TPratico_Grafos/8a7a396913ae322df874ce014605a4b3413a6cb5/TP-Grafos/Grafo.cs
FN:14,System.Void TP_Grafos.Grafo::.ctor(System.Int32)
FNDA:69,System.Void TP_Grafos.Grafo::.ctor(System.Int32)
DA:15,69
DA:16,69
DA:17,69
DA:18,69
LF:4
LH:4
BRF:0
BRH:0
FNF:1
FNH:1
end_of_record
SF:https://raw.githubusercontent.com/Pedro-Resende-VEVO/TPratico_Grafos/8a7a396913ae322df874ce014605a4b3413a6cb5/TP-Grafos/Lista.cs
FN:33,System.Void TP_Grafos.Lista::addAresta(System.Int32,System.Int32,System.Int32)
FNDA:60,System.Void TP_Grafos.Lista::addAresta(System.Int32,System.Int32,System.Int32)
DA:34,60
DA:35,60
DA:36,60
FN:45,System.Boolean TP_Grafos.Lista::indiceOcupado(System.Int32,System.Int32)
FNDA:2,System.Boolean TP_Grafos.Lista::indiceOcupado(System.Int32,System.Int32)
DA:46,2
DA:47,3
DA:48,2
BRDA:47,39,0,1
BRDA:47,39,1,1
FN:56,TP_Grafos.Aresta[] TP_Grafos.Lista::arestasAdjacentes(TP_Grafos.Aresta)
FNDA:1,TP_Grafos.Aresta[] TP_Grafos.Lista::arestasAdjacentes(TP_Grafos.Aresta)
DA:57,1
DA:58,1
DA:59,7
DA:60,2
DA:61,2
DA:62,1
DA:63,1
DA:64,1
DA:65,2
DA:66,1
DA:67,1
BRDA:59,77,1,2
BRDA:61,57,0,1
BRDA:61,57,1,2
BRDA:59,77,0,1
FN:75,System.Int32[] TP_Grafos.Lista::verticesAdjacentes(System.Int32)
FNDA:1,System.Int32[] TP_Grafos.Lista::verticesAdjacentes(System.Int32)
DA:76,1
DA:77,3
DA:78,1
FN:86,TP_Grafos.Aresta[] TP_Grafos.Lista::arestasIncidentes(System.Int32)
FNDA:23,TP_Grafos.Aresta[] TP_Grafos.Lista::arestasIncidentes(System.Int32)
DA:87,23
DA:88,23
DA:89,23
FN:97,System.Int32[] TP_Grafos.Lista::verticesIncidentes(TP_Grafos.Aresta)
FNDA:1,System.Int32[] TP_Grafos.Lista::verticesIncidentes(TP_Grafos.Aresta)
DA:98,1
DA:99,1
DA:100,1
FN:108,System.Int32 TP_Grafos.Lista::grauEntrada(System.Int32)
FNDA:2,System.Int32 TP_Grafos.Lista::grauEntrada(System.Int32)
DA:109,2
DA:110,2
DA:111,2
FN:119,System.Int32 TP_Grafos.Lista::grauSaida(System.Int32)
FNDA:4,System.Int32 TP_Grafos.Lista::grauSaida(System.Int32)
DA:120,4
DA:121,4
DA:122,46
DA:123,17
DA:124,28
DA:125,17
DA:126,4
DA:127,4
BRDA:122,86,1,17
BRDA:124,44,0,4
BRDA:124,44,1,17
BRDA:122,86,0,4
FN:136,System.Boolean TP_Grafos.Lista::existeAdjacencia(System.Int32,System.Int32)
FNDA:11,System.Boolean TP_Grafos.Lista::existeAdjacencia(System.Int32,System.Int32)
DA:137,11
DA:138,42
DA:139,8
DA:140,8
DA:141,7
DA:142,7
DA:144,1
DA:145,4
DA:146,11
BRDA:138,53,1,8
BRDA:140,38,0,7
BRDA:140,38,1,1
BRDA:138,53,0,4
FN:155,TP_Grafos.Aresta TP_Grafos.Lista::substituirPeso(TP_Grafos.Aresta,System.Int32)
FNDA:1,TP_Grafos.Aresta TP_Grafos.Lista::substituirPeso(TP_Grafos.Aresta,System.Int32)
DA:156,1
DA:157,1
DA:158,1
DA:159,1
FN:168,System.Void TP_Grafos.Lista::substituirVertice(System.Int32,System.Int32)
FNDA:1,System.Void TP_Grafos.Lista::substituirVertice(System.Int32,System.Int32)
DA:169,1
DA:170,1
DA:171,1
DA:172,1
DA:174,8
DA:175,3
DA:176,13
DA:177,2
DA:178,2
DA:179,1
DA:180,1
DA:181,1
DA:182,1
DA:183,1
DA:184,1
DA:185,1
DA:187,2
DA:188,0
DA:189,0
DA:190,0
DA:191,2
DA:192,1
DA:193,1
DA:194,1
DA:195,2
DA:196,3
DA:197,1
BRDA:174,218,1,3
BRDA:176,181,1,2
BRDA:178,82,0,1
BRDA:178,82,1,1
BRDA:182,109,0,1
BRDA:182,109,1,2
BRDA:187,134,0,0
BRDA:187,134,1,2
BRDA:191,161,0,1
BRDA:191,161,1,2
BRDA:176,181,0,3
BRDA:174,218,0,1
FN:199,System.Int32[] TP_Grafos.Lista::vizinhos(System.Int32)
FNDA:13,System.Int32[] TP_Grafos.Lista::vizinhos(System.Int32)
DA:200,13
DA:201,13
DA:202,49
DA:203,5
DA:204,5
DA:205,5
DA:206,13
DA:207,13
BRDA:202,54,1,5
BRDA:202,54,0,13
FN:214,System.String TP_Grafos.Lista::toString()
FNDA:1,System.String TP_Grafos.Lista::toString()
DA:215,1
DA:216,1
DA:217,6
DA:218,2
DA:219,2
DA:220,6
DA:221,1
DA:222,1
DA:223,1
DA:224,2
DA:225,2
DA:227,1
DA:228,1
BRDA:217,222,1,2
BRDA:220,182,1,1
BRDA:220,182,0,2
BRDA:217,222,0,1
FN:13,System.Void TP_Grafos.Lista::.ctor(System.Int32)
FNDA:39,System.Void TP_Grafos.Lista::.ctor(System.Int32)
DA:14,39
DA:15,39
DA:16,39
DA:17,376
DA:18,149
DA:19,149
DA:20,149
DA:21,39
DA:23,39
BRDA:17,50,1,149
BRDA:17,50,0,39
LF:107
LH:104
BRF:34
BRH:33
FNF:14
FNH:14
end_of_record
SF:https://raw.githubusercontent.com/Pedro-Resende-VEVO/TPratico_Grafos/8a7a396913ae322df874ce014605a4b3413a6cb5/TP-Grafos/Matriz.cs
FN:27,System.Void TP_Grafos.Matriz::addAresta(System.Int32,System.Int32,System.Int32)
FNDA:86,System.Void TP_Grafos.Matriz::addAresta(System.Int32,System.Int32,System.Int32)
DA:28,86
DA:29,86
DA:30,86
FN:39,System.Boolean TP_Grafos.Matriz::indiceOcupado(System.Int32,System.Int32)
FNDA:2,System.Boolean TP_Grafos.Matriz::indiceOcupado(System.Int32,System.Int32)
DA:40,2
DA:41,2
DA:42,2
BRDA:41,14,0,1
BRDA:41,14,1,1
FN:50,TP_Grafos.Aresta[] TP_Grafos.Matriz::arestasAdjacentes(TP_Grafos.Aresta)
FNDA:1,TP_Grafos.Aresta[] TP_Grafos.Matriz::arestasAdjacentes(TP_Grafos.Aresta)
DA:51,1
DA:52,1
DA:53,10
DA:54,4
DA:55,4
DA:56,1
DA:57,1
DA:58,1
DA:59,4
DA:60,1
DA:61,1
BRDA:53,123,1,4
BRDA:55,30,0,2
BRDA:55,30,1,2
BRDA:55,66,0,1
BRDA:55,66,1,4
BRDA:53,123,0,1
FN:69,System.Int32[] TP_Grafos.Matriz::verticesAdjacentes(System.Int32)
FNDA:1,System.Int32[] TP_Grafos.Matriz::verticesAdjacentes(System.Int32)
DA:70,1
DA:71,1
DA:72,10
DA:73,4
DA:74,4
DA:75,2
DA:76,2
DA:77,2
DA:78,4
DA:79,1
DA:80,1
BRDA:72,60,1,4
BRDA:74,30,0,2
BRDA:74,30,1,4
BRDA:72,60,0,1
FN:88,TP_Grafos.Aresta[] TP_Grafos.Matriz::arestasIncidentes(System.Int32)
FNDA:10,TP_Grafos.Aresta[] TP_Grafos.Matriz::arestasIncidentes(System.Int32)
DA:89,10
DA:90,10
DA:91,108
DA:92,44
DA:93,44
DA:94,11
DA:95,11
DA:96,11
DA:97,44
DA:98,10
DA:99,10
BRDA:91,77,1,44
BRDA:93,30,0,11
BRDA:93,30,1,44
BRDA:91,77,0,10
FN:107,System.Int32[] TP_Grafos.Matriz::verticesIncidentes(TP_Grafos.Aresta)
FNDA:1,System.Int32[] TP_Grafos.Matriz::verticesIncidentes(TP_Grafos.Aresta)
DA:108,1
DA:109,1
DA:110,1
FN:118,System.Int32 TP_Grafos.Matriz::grauEntrada(System.Int32)
FNDA:2,System.Int32 TP_Grafos.Matriz::grauEntrada(System.Int32)
DA:119,2
DA:120,2
DA:121,20
DA:122,8
DA:123,8
DA:124,2
DA:125,2
DA:126,2
DA:127,8
DA:128,2
DA:129,2
BRDA:121,50,1,8
BRDA:123,26,0,2
BRDA:123,26,1,8
BRDA:121,50,0,2
FN:137,System.Int32 TP_Grafos.Matriz::grauSaida(System.Int32)
FNDA:3,System.Int32 TP_Grafos.Matriz::grauSaida(System.Int32)
DA:138,3
DA:139,3
DA:140,28
DA:141,11
DA:142,11
DA:143,3
DA:144,3
DA:145,3
DA:146,11
DA:147,3
DA:148,3
BRDA:140,50,1,11
BRDA:142,26,0,3
BRDA:142,26,1,11
BRDA:140,50,0,3
FN:157,System.Boolean TP_Grafos.Matriz::existeAdjacencia(System.Int32,System.Int32)
FNDA:9,System.Boolean TP_Grafos.Matriz::existeAdjacencia(System.Int32,System.Int32)
DA:158,9
DA:159,9
DA:160,9
BRDA:159,14,0,3
BRDA:159,14,1,6
FN:169,TP_Grafos.Aresta TP_Grafos.Matriz::substituirPeso(TP_Grafos.Aresta,System.Int32)
FNDA:1,TP_Grafos.Aresta TP_Grafos.Matriz::substituirPeso(TP_Grafos.Aresta,System.Int32)
DA:170,1
DA:171,1
DA:172,1
DA:173,1
DA:174,1
FN:182,System.Void TP_Grafos.Matriz::substituirVertice(System.Int32,System.Int32)
FNDA:1,System.Void TP_Grafos.Matriz::substituirVertice(System.Int32,System.Int32)
DA:183,1
DA:184,1
DA:186,8
DA:187,3
DA:188,3
DA:189,3
DA:190,3
DA:191,3
DA:192,1
DA:193,1
DA:194,1
DA:196,1
DA:197,1
DA:198,1
DA:199,1
BRDA:186,78,1,3
BRDA:186,78,0,1
FN:207,System.Int32[] TP_Grafos.Matriz::vizinhos(System.Int32)
FNDA:61,System.Int32[] TP_Grafos.Matriz::vizinhos(System.Int32)
DA:208,61
DA:209,61
DA:210,784
DA:211,331
DA:212,331
DA:213,59
DA:214,59
DA:215,59
DA:217,331
DA:218,61
DA:219,61
BRDA:210,58,1,331
BRDA:212,30,0,59
BRDA:212,30,1,331
BRDA:210,58,0,61
FN:226,System.String TP_Grafos.Matriz::toString()
FNDA:1,System.String TP_Grafos.Matriz::toString()
DA:227,1
DA:228,1
DA:229,1
DA:230,6
DA:231,2
DA:232,2
DA:233,2
DA:235,1
DA:236,6
DA:237,2
DA:238,2
DA:239,12
DA:240,4
DA:241,4
DA:242,4
DA:243,2
DA:244,2
DA:246,1
DA:247,1
BRDA:230,68,1,2
BRDA:230,68,0,1
BRDA:236,206,1,2
BRDA:239,176,1,4
BRDA:239,176,0,2
BRDA:236,206,0,1
FN:13,System.Void TP_Grafos.Matriz::.ctor(System.Int32)
FNDA:30,System.Void TP_Grafos.Matriz::.ctor(System.Int32)
DA:14,30
DA:15,30
DA:16,30
DA:17,30
DA:18,30
LF:122
LH:122
BRF:38
BRH:38
FNF:14
FNH:14
end_of_record
SF:https://raw.githubusercontent.com/Pedro-Resende-VEVO/TPratico_Grafos/8a7a396913ae322df874ce014605a4b3413a6cb5/TP-Grafos/Program.cs
FN:80,System.Void TP_Grafos.Program::cabecalho()
FNDA:1,System.Void TP_Grafos.Program::cabecalho()
DA:81,1
DA:82,1
DA:83,1
DA:84,1
DA:85,1
DA:86,1
FN:88,System.Int32 TP_Grafos.Program::menu()
FNDA:2,System.Int32 TP_Grafos.Program::menu()
DA:89,2
DA:91,2
DA:92,2
DA:93,2
DA:94,2
DA:95,2
DA:96,2
DA:98,2
DA:100,0
DA:101,0
DA:102,0
DA:103,0
DA:105,2
BRDA:98,59,0,0
BRDA:98,63,0,0
BRDA:98,59,1,2
BRDA:98,63,1,2
FN:407,System.Int32 TP_Grafos.Program::menuDIMAC()
FNDA:2,System.Int32 TP_Grafos.Program::menuDIMAC()
DA:408,2
DA:410,2
DA:411,2
DA:412,2
DA:413,2
DA:414,2
DA:415,2
DA:416,2
DA:417,2
DA:418,2
DA:419,2
DA:420,2
DA:421,2
DA:422,2
DA:423,2
DA:424,2
DA:425,2
DA:426,2
DA:427,2
DA:428,2
DA:430,2
DA:432,0
DA:433,0
DA:434,0
DA:435,0
DA:437,2
BRDA:430,114,0,0
BRDA:430,119,0,0
BRDA:430,114,1,2
BRDA:430,119,1,2
FN:439,TP_Grafos.Aresta TP_Grafos.Program::inputAresta()
FNDA:1,TP_Grafos.Aresta TP_Grafos.Program::inputAresta()
DA:440,1
DA:442,1
DA:443,1
DA:444,1
DA:445,8
DA:446,3
DA:447,3
DA:448,3
DA:449,1
DA:450,1
DA:451,1
DA:452,0
DA:453,0
DA:455,1
DA:457,0
DA:458,0
DA:459,0
DA:460,0
DA:462,1
BRDA:445,82,1,3
BRDA:445,82,0,1
BRDA:451,115,0,1
BRDA:451,115,1,0
BRDA:451,128,0,0
BRDA:451,128,1,1
FN:464,System.Int32 TP_Grafos.Program::inputVertice()
FNDA:2,System.Int32 TP_Grafos.Program::inputVertice()
DA:465,2
DA:467,2
DA:468,2
DA:469,2
DA:470,16
DA:471,6
DA:472,6
DA:473,6
DA:474,2
DA:475,2
DA:476,2
DA:477,0
DA:478,0
DA:480,2
DA:482,0
DA:483,0
DA:484,0
DA:485,0
DA:487,2
BRDA:470,92,1,6
BRDA:470,92,0,2
BRDA:476,123,0,2
BRDA:476,123,1,0
BRDA:476,136,0,0
BRDA:476,136,1,2
FN:498,System.Void TP_Grafos.Program::erro(System.Exception)
FNDA:1,System.Void TP_Grafos.Program::erro(System.Exception)
DA:499,1
DA:500,1
DA:501,1
DA:502,1
DA:503,0
DA:504,0
LF:89
LH:67
BRF:20
BRH:12
FNF:6
FNH:6
end_of_record